
Load existing NView match, begin...
Load roomply.nvm...

scene00136
image_size:	1280x738
#sift count:	4654

scene00176
image_size:	1280x738
#sift count:	4876

scene00171
image_size:	1280x738
#sift count:	5042

scene00166
image_size:	1280x738
#sift count:	4771

scene00161
image_size:	1280x738
#sift count:	4999

scene00156
image_size:	1280x738
#sift count:	4613

scene00141
image_size:	1280x738
#sift count:	4657

scene00131
image_size:	1280x738
#sift count:	4671

scene00126
image_size:	1280x738
#sift count:	4479

scene00151
image_size:	1280x738
#sift count:	4506

scene00146
image_size:	1280x738
#sift count:	4762

scene00181
image_size:	1280x738
#sift count:	4471

scene00116
image_size:	1280x738
#sift count:	4550

scene00111
image_size:	1280x738
#sift count:	4346

scene00106
image_size:	1280x738
#sift count:	4211

scene00121
image_size:	1280x738
#sift count:	4207

scene00191
image_size:	1280x738
#sift count:	5031

scene00196
image_size:	1280x738
#sift count:	5297

scene00201
image_size:	1280x738
#sift count:	5298

scene00206
image_size:	1280x738
#sift count:	5225

scene00186
image_size:	1280x738
#sift count:	4683

scene00216
image_size:	1280x738
#sift count:	5070

scene00211
image_size:	1280x738
#sift count:	4887

scene00101
image_size:	1280x738
#sift count:	3963

scene00221
image_size:	1280x738
#sift count:	4955

scene00096
image_size:	1280x738
#sift count:	3810

scene00091
image_size:	1280x738
#sift count:	3792

scene00086
image_size:	1280x738
#sift count:	3630

scene00226
image_size:	1280x738
#sift count:	4553

scene00241
image_size:	1280x738
#sift count:	5377

scene00246
image_size:	1280x738
#sift count:	5253

scene00236
image_size:	1280x738
#sift count:	4943

scene00251
image_size:	1280x738
#sift count:	5042

scene00081
image_size:	1280x738
#sift count:	3426

scene00231
image_size:	1280x738
#sift count:	4502

scene00261
image_size:	1280x738
#sift count:	5130

scene00076
image_size:	1280x738
#sift count:	3242

scene00066
image_size:	1280x738
#sift count:	3443

scene00061
image_size:	1280x738
#sift count:	3312

scene00056
image_size:	1280x738
#sift count:	3377

scene00071
image_size:	1280x738
#sift count:	3148

scene00051
image_size:	1280x738
#sift count:	3194

scene00046
image_size:	1280x738
#sift count:	3407

scene00041
image_size:	1280x738
#sift count:	3470

scene00036
image_size:	1280x738
#sift count:	3426

scene00006
image_size:	1280x738
#sift count:	3533

scene00026
image_size:	1280x738
#sift count:	3605

scene00021
image_size:	1280x738
#sift count:	3591

scene00016
image_size:	1280x738
#sift count:	3550

scene00011
image_size:	1280x738
#sift count:	3552

scene00001
image_size:	1280x738
#sift count:	3542

scene00031
image_size:	1280x738
#sift count:	3343

scene00266
image_size:	1280x738
#sift count:	5063

scene00276
image_size:	1280x738
#sift count:	5694

scene00286
image_size:	1280x738
#sift count:	5233

scene00291
image_size:	1280x738
#sift count:	5431

scene00301
image_size:	1280x738
#sift count:	5813

scene00306
image_size:	1280x738
#sift count:	5945

scene00311
image_size:	1280x738
#sift count:	5628

scene00296
image_size:	1280x738
#sift count:	5704

scene00321
image_size:	1280x738
#sift count:	5584

scene00326
image_size:	1280x738
#sift count:	5707

scene00316
image_size:	1280x738
#sift count:	5675

scene00331
image_size:	1280x738
#sift count:	5419

scene00336
image_size:	1280x738
#sift count:	5248

scene00346
image_size:	1280x738
#sift count:	5804

scene00341
image_size:	1280x738
#sift count:	5127

scene00351
image_size:	1280x738
#sift count:	5154

scene00356
image_size:	1280x738
#sift count:	5001

scene00281
image_size:	1280x738
#sift count:	5351

scene00371
image_size:	1280x738
#sift count:	4774

scene00376
image_size:	1280x738
#sift count:	5208

scene00381
image_size:	1280x738
#sift count:	4582

scene00391
image_size:	1280x738
#sift count:	5104

scene00401
image_size:	1280x738
#sift count:	5053

scene00396
image_size:	1280x738
#sift count:	5223

scene00366
image_size:	1280x738
#sift count:	4342

scene00361
image_size:	1280x738
#sift count:	4441

scene00386
image_size:	1280x738
#sift count:	4249

scene00406
image_size:	1280x738
#sift count:	4061

scene00271
image_size:	1280x738
#sift count:	4946

scene00256
image_size:	1280x738
#sift count:	4576

scene00421
image_size:	1280x738
#sift count:	4295

scene00416
image_size:	1280x738
#sift count:	4063

scene00426
image_size:	1280x738
#sift count:	4089

scene00431
image_size:	1280x738
#sift count:	3912

scene00446
image_size:	1280x738
#sift count:	4318

scene00436
image_size:	1280x738
#sift count:	3932

scene00441
image_size:	1280x738
#sift count:	3849

scene00451
image_size:	1280x738
#sift count:	3802

scene00461
image_size:	1280x738
#sift count:	3664

scene00466
image_size:	1280x738
#sift count:	3811

scene00471
image_size:	1280x738
#sift count:	3768

scene00476
image_size:	1280x738
#sift count:	3689

scene00481
image_size:	1280x738
#sift count:	3204

scene00456
image_size:	1280x738
#sift count:	3675

scene00491
image_size:	1280x738
#sift count:	3210

scene00496
image_size:	1280x738
#sift count:	3306

scene00501
image_size:	1280x738
#sift count:	3123

scene00411
image_size:	1280x738
#sift count:	3667

scene00486
image_size:	1280x738
#sift count:	3158

scene00506
image_size:	1280x738
#sift count:	2995

scene00521
image_size:	1280x738
#sift count:	3263

scene00516
image_size:	1280x738
#sift count:	2822

scene00526
image_size:	1280x738
#sift count:	2746

scene00511
image_size:	1280x738
#sift count:	2723

scene00531
image_size:	1280x738
#sift count:	2617

scene00536
image_size:	1280x738
#sift count:	2601

scene00546
image_size:	1280x738
#sift count:	2704

scene00551
image_size:	1280x738
#sift count:	2762

scene00541
image_size:	1280x738
#sift count:	2556

scene00556
image_size:	1280x738
#sift count:	2598

scene00561
image_size:	1280x738
#sift count:	2409

scene00566
image_size:	1280x738
#sift count:	2295

scene00576
image_size:	1280x738
#sift count:	2657

scene00581
image_size:	1280x738
#sift count:	2602

scene00571
image_size:	1280x738
#sift count:	2370

scene00751
image_size:	1280x738
#sift count:	4174

scene00761
image_size:	1280x738
#sift count:	4512

scene00756
image_size:	1280x738
#sift count:	4082

scene00771
image_size:	1280x738
#sift count:	4565

scene00776
image_size:	1280x738
#sift count:	4479

scene00781
image_size:	1280x738
#sift count:	4338

scene00786
image_size:	1280x738
#sift count:	4232

scene00791
image_size:	1280x738
#sift count:	3996

scene00796
image_size:	1280x738
#sift count:	3998

scene00766
image_size:	1280x738
#sift count:	4303

scene00801
image_size:	1280x738
#sift count:	4013

scene00806
image_size:	1280x738
#sift count:	3856

scene01196
image_size:	1280x738
#sift count:	4632

scene01191
image_size:	1280x738
#sift count:	4479

scene01201
image_size:	1280x738
#sift count:	4575

scene01211
image_size:	1280x738
#sift count:	5133

scene01206
image_size:	1280x738
#sift count:	4796

scene01186
image_size:	1280x738
#sift count:	4347

scene01181
image_size:	1280x738
#sift count:	4268

scene01176
image_size:	1280x738
#sift count:	4432

scene01171
image_size:	1280x738
#sift count:	4173

scene01216
image_size:	1280x738
#sift count:	5225

scene01221
image_size:	1280x738
#sift count:	5282

scene01241
image_size:	1280x738
#sift count:	5619

scene01236
image_size:	1280x738
#sift count:	5446

scene01226
image_size:	1280x738
#sift count:	5175

scene01231
image_size:	1280x738
#sift count:	5199

scene01166
image_size:	1280x738
#sift count:	3698

scene01161
image_size:	1280x738
#sift count:	3429

scene01156
image_size:	1280x738
#sift count:	3093

scene01151
image_size:	1280x738
#sift count:	2846

scene00816
image_size:	1280x738
#sift count:	4341

scene00821
image_size:	1280x738
#sift count:	4241

scene00811
image_size:	1280x738
#sift count:	3705

scene00586
image_size:	1280x738
#sift count:	2467

scene00736
image_size:	1280x738
#sift count:	4222

scene00591
image_size:	1280x738
#sift count:	2501

scene00741
image_size:	1280x738
#sift count:	4347

scene00746
image_size:	1280x738
#sift count:	4260

scene00826
image_size:	1280x738
#sift count:	4178

scene00911
image_size:	1280x738
#sift count:	3170

scene00906
image_size:	1280x738
#sift count:	3073

scene00721
image_size:	1280x738
#sift count:	4020

scene00716
image_size:	1280x738
#sift count:	4173

scene00726
image_size:	1280x738
#sift count:	3898

scene00731
image_size:	1280x738
#sift count:	3686

scene00711
image_size:	1280x738
#sift count:	3848

scene00706
image_size:	1280x738
#sift count:	3880

scene00696
image_size:	1280x738
#sift count:	4285

scene00691
image_size:	1280x738
#sift count:	4072

scene00686
image_size:	1280x738
#sift count:	3875

scene00681
image_size:	1280x738
#sift count:	3785

scene00676
image_size:	1280x738
#sift count:	3886

scene00671
image_size:	1280x738
#sift count:	3949

scene00596
image_size:	1280x738
#sift count:	2373

scene01136
image_size:	1280x738
#sift count:	2768

scene01141
image_size:	1280x738
#sift count:	2686

scene01146
image_size:	1280x738
#sift count:	2724

scene01131
image_size:	1280x738
#sift count:	2571

scene01111
image_size:	1280x738
#sift count:	2546

scene01106
image_size:	1280x738
#sift count:	2658

scene01126
image_size:	1280x738
#sift count:	2460

scene01101
image_size:	1280x738
#sift count:	2396

scene01116
image_size:	1280x738
#sift count:	2354

scene01096
image_size:	1280x738
#sift count:	2288

scene01091
image_size:	1280x738
#sift count:	2320

scene01121
image_size:	1280x738
#sift count:	2169

scene01086
image_size:	1280x738
#sift count:	2054

scene00701
image_size:	1280x738
#sift count:	4050

scene01081
image_size:	1280x738
#sift count:	1880

scene00916
image_size:	1280x738
#sift count:	3020

scene01076
image_size:	1280x738
#sift count:	1802

scene01071
image_size:	1280x738
#sift count:	1727

scene00666
image_size:	1280x738
#sift count:	3678

scene00841
image_size:	1280x738
#sift count:	3858

scene00846
image_size:	1280x738
#sift count:	3695

scene00636
image_size:	1280x738
#sift count:	3722

scene00631
image_size:	1280x738
#sift count:	3646

scene00626
image_size:	1280x738
#sift count:	3560

scene00621
image_size:	1280x738
#sift count:	3548

scene00616
image_size:	1280x738
#sift count:	3080

scene00871
image_size:	1280x738
#sift count:	3058

scene00611
image_size:	1280x738
#sift count:	2963

scene00921
image_size:	1280x738
#sift count:	2913

scene00926
image_size:	1280x738
#sift count:	2903

scene00866
image_size:	1280x738
#sift count:	3140

scene00606
image_size:	1280x738
#sift count:	2677

scene00931
image_size:	1280x738
#sift count:	2590

scene00961
image_size:	1280x738
#sift count:	2558

scene00956
image_size:	1280x738
#sift count:	2437

scene00966
image_size:	1280x738
#sift count:	2276

scene00951
image_size:	1280x738
#sift count:	2380

scene00946
image_size:	1280x738
#sift count:	2262

scene00936
image_size:	1280x738
#sift count:	2311

scene00941
image_size:	1280x738
#sift count:	2239

scene01066
image_size:	1280x738
#sift count:	1513

scene00971
image_size:	1280x738
#sift count:	1887

scene01061
image_size:	1280x738
#sift count:	1573

scene01056
image_size:	1280x738
#sift count:	1820

scene01051
image_size:	1280x738
#sift count:	1980

scene01046
image_size:	1280x738
#sift count:	1821

scene00986
image_size:	1280x738
#sift count:	2078

scene00996
image_size:	1280x738
#sift count:	2243

scene00991
image_size:	1280x738
#sift count:	2533

scene01001
image_size:	1280x738
#sift count:	2113

scene01006
image_size:	1280x738
#sift count:	1936

scene01011
image_size:	1280x738
#sift count:	1972

scene01016
image_size:	1280x738
#sift count:	1986

scene01021
image_size:	1280x738
#sift count:	1840

scene01026
image_size:	1280x738
#sift count:	1862

scene01031
image_size:	1280x738
#sift count:	1835

scene01036
image_size:	1280x738
#sift count:	1723

scene01041
image_size:	1280x738
#sift count:	1755

scene00981
image_size:	1280x738
#sift count:	1731

scene00976
image_size:	1280x738
#sift count:	1649

Loading 20137 3D points...

scene00876
image_size:	1280x738
#sift count:	3849

scene00856
image_size:	1280x738
#sift count:	4185

scene00836
image_size:	1280x738
#sift count:	4265

scene00831
image_size:	1280x738
#sift count:	4049

scene00851
image_size:	1280x738
#sift count:	3769

scene00861
image_size:	1280x738
#sift count:	3671

scene00886
image_size:	1280x738
#sift count:	3557

scene00891
image_size:	1280x738
#sift count:	3572

scene00881
image_size:	1280x738
#sift count:	3750

scene00896
image_size:	1280x738
#sift count:	3525

scene00901
image_size:	1280x738
#sift count:	3213

scene00641
image_size:	1280x738
#sift count:	3491

scene00661
image_size:	1280x738
#sift count:	3375

scene00601
image_size:	1280x738
#sift count:	2536

scene00646
image_size:	1280x738
#sift count:	3550

scene00651
image_size:	1280x738
#sift count:	3474

scene00656
image_size:	1280x738
#sift count:	3466

Loading 5089 3D points...
Loading roomply.1.ply, 39090 vertices ...
You can view existing dense reconstructions
by using Menu "View->Dense 3D Points"
# images loaded:	249
**************************************
Change the number of pixel-loaded images by 
modifying param_visual_data_budget in nv.ini
Use the PAUSE button to skip the pixel loading
**************************************
Loading image pixel data ...done in 7s
Loading matching records ...done in 0s
----------------------------------------------------------------
Load existing NView match, finished
Totally 10.000 seconds used

